2025-03-22 17:45:14,946 - INFO - 启动错误: name 'LoadingAnimation' is not defined
2025-03-22 17:45:14,947 - INFO - 
2025-03-22 17:45:14,947 - INFO - Traceback (most recent call last):
2025-03-22 17:45:14,947 - INFO -   File "c:\Users\zhong\Desktop\这代码你就写吧，一写一个不吱声\KouriChat-KouriChat-Dev\Kourichat工具箱\main.py", line 43, in <module>
2025-03-22 17:45:14,947 - INFO -     app = KouriChatApp()
2025-03-22 17:45:14,947 - INFO -           ^^^^^^^^^^^^^^
2025-03-22 17:45:14,948 - INFO -   File "c:\Users\zhong\Desktop\这代码你就写吧，一写一个不吱声\KouriChat-KouriChat-Dev\Kourichat工具箱\core\app.py", line 48, in __init__
2025-03-22 17:45:14,948 - INFO -     self.image_page = ImagePage(self)
2025-03-22 17:45:14,948 - INFO -                       ^^^^^^^^^^^^^^^
2025-03-22 17:45:14,948 - INFO -   File "c:\Users\zhong\Desktop\这代码你就写吧，一写一个不吱声\KouriChat-KouriChat-Dev\Kourichat工具箱\ui\pages\image_page.py", line 23, in __init__
2025-03-22 17:45:14,948 - INFO -     self.setup_image_page()
2025-03-22 17:45:14,948 - INFO -   File "c:\Users\zhong\Desktop\这代码你就写吧，一写一个不吱声\KouriChat-KouriChat-Dev\Kourichat工具箱\ui\pages\image_page.py", line 89, in setup_image_page
2025-03-22 17:45:14,948 - INFO -     self.setup_recognition_tab(self.recognition_tab)
2025-03-22 17:45:14,948 - INFO -   File "c:\Users\zhong\Desktop\这代码你就写吧，一写一个不吱声\KouriChat-KouriChat-Dev\Kourichat工具箱\ui\pages\image_page.py", line 132, in setup_recognition_tab
2025-03-22 17:45:14,948 - INFO -     self.setup_recognition_result_area(result_frame)
2025-03-22 17:45:14,948 - INFO -   File "c:\Users\zhong\Desktop\这代码你就写吧，一写一个不吱声\KouriChat-KouriChat-Dev\Kourichat工具箱\ui\pages\image_page.py", line 263, in setup_recognition_result_area
2025-03-22 17:45:14,948 - INFO -     self.recognition_result_loading = LoadingAnimation(self.recognition_result_label, self.app)
2025-03-22 17:45:14,948 - INFO -                                       ^^^^^^^^^^^^^^^^
2025-03-22 17:45:14,948 - INFO - NameError: name 'LoadingAnimation' is not defined
2025-03-22 17:46:56,322 - INFO - 启动错误: name 'LoadingAnimation' is not defined
2025-03-22 17:46:56,322 - INFO - 
2025-03-22 17:46:56,322 - INFO - Traceback (most recent call last):
2025-03-22 17:46:56,322 - INFO -   File "c:\Users\zhong\Desktop\这代码你就写吧，一写一个不吱声\KouriChat-KouriChat-Dev\Kourichat工具箱\main.py", line 43, in <module>
2025-03-22 17:46:56,322 - INFO -     app = KouriChatApp()
2025-03-22 17:46:56,322 - INFO -           ^^^^^^^^^^^^^^
2025-03-22 17:46:56,322 - INFO -   File "c:\Users\zhong\Desktop\这代码你就写吧，一写一个不吱声\KouriChat-KouriChat-Dev\Kourichat工具箱\core\app.py", line 48, in __init__
2025-03-22 17:46:56,322 - INFO -     self.image_page = ImagePage(self)
2025-03-22 17:46:56,322 - INFO -                       ^^^^^^^^^^^^^^^
2025-03-22 17:46:56,322 - INFO -   File "c:\Users\zhong\Desktop\这代码你就写吧，一写一个不吱声\KouriChat-KouriChat-Dev\Kourichat工具箱\ui\pages\image_page.py", line 23, in __init__
2025-03-22 17:46:56,322 - INFO -     self.setup_image_page()
2025-03-22 17:46:56,322 - INFO -   File "c:\Users\zhong\Desktop\这代码你就写吧，一写一个不吱声\KouriChat-KouriChat-Dev\Kourichat工具箱\ui\pages\image_page.py", line 89, in setup_image_page
2025-03-22 17:46:56,322 - INFO -     self.setup_recognition_tab(self.recognition_tab)
2025-03-22 17:46:56,322 - INFO -   File "c:\Users\zhong\Desktop\这代码你就写吧，一写一个不吱声\KouriChat-KouriChat-Dev\Kourichat工具箱\ui\pages\image_page.py", line 132, in setup_recognition_tab
2025-03-22 17:46:56,322 - INFO -     self.setup_recognition_result_area(result_frame)
2025-03-22 17:46:56,322 - INFO -   File "c:\Users\zhong\Desktop\这代码你就写吧，一写一个不吱声\KouriChat-KouriChat-Dev\Kourichat工具箱\ui\pages\image_page.py", line 263, in setup_recognition_result_area
2025-03-22 17:46:56,322 - INFO -     self.recognition_result_loading = LoadingAnimation(self.recognition_result_label, self.app)
2025-03-22 17:46:56,322 - INFO -                                       ^^^^^^^^^^^^^^^^
2025-03-22 17:46:56,322 - INFO - NameError: name 'LoadingAnimation' is not defined
2025-03-22 17:48:01,297 - INFO - 启动错误: name 'LoadingAnimation' is not defined
2025-03-22 17:48:01,298 - INFO - 
2025-03-22 17:48:01,298 - INFO - Traceback (most recent call last):
2025-03-22 17:48:01,298 - INFO -   File "C:\Users\zhong\Desktop\这代码你就写吧，一写一个不吱声\KouriChat-KouriChat-Dev\Kourichat工具箱\main.py", line 43, in <module>
2025-03-22 17:48:01,298 - INFO -     app = KouriChatApp()
2025-03-22 17:48:01,298 - INFO -           ^^^^^^^^^^^^^^
2025-03-22 17:48:01,298 - INFO -   File "C:\Users\zhong\Desktop\这代码你就写吧，一写一个不吱声\KouriChat-KouriChat-Dev\Kourichat工具箱\core\app.py", line 48, in __init__
2025-03-22 17:48:01,298 - INFO -     self.image_page = ImagePage(self)
2025-03-22 17:48:01,298 - INFO -                       ^^^^^^^^^^^^^^^
2025-03-22 17:48:01,298 - INFO -   File "C:\Users\zhong\Desktop\这代码你就写吧，一写一个不吱声\KouriChat-KouriChat-Dev\Kourichat工具箱\ui\pages\image_page.py", line 23, in __init__
2025-03-22 17:48:01,298 - INFO -     self.setup_image_page()
2025-03-22 17:48:01,298 - INFO -   File "C:\Users\zhong\Desktop\这代码你就写吧，一写一个不吱声\KouriChat-KouriChat-Dev\Kourichat工具箱\ui\pages\image_page.py", line 89, in setup_image_page
2025-03-22 17:48:01,298 - INFO -     self.setup_recognition_tab(self.recognition_tab)
2025-03-22 17:48:01,298 - INFO -   File "C:\Users\zhong\Desktop\这代码你就写吧，一写一个不吱声\KouriChat-KouriChat-Dev\Kourichat工具箱\ui\pages\image_page.py", line 132, in setup_recognition_tab
2025-03-22 17:48:01,298 - INFO -     self.setup_recognition_result_area(result_frame)
2025-03-22 17:48:01,298 - INFO -   File "C:\Users\zhong\Desktop\这代码你就写吧，一写一个不吱声\KouriChat-KouriChat-Dev\Kourichat工具箱\ui\pages\image_page.py", line 263, in setup_recognition_result_area
2025-03-22 17:48:01,298 - INFO -     self.recognition_result_loading = LoadingAnimation(self.recognition_result_label, self.app)
2025-03-22 17:48:01,298 - INFO -                                       ^^^^^^^^^^^^^^^^
2025-03-22 17:48:01,298 - INFO - NameError: name 'LoadingAnimation' is not defined
2025-03-22 17:50:58,443 - INFO - 启动错误: name 'LoadingAnimation' is not defined
2025-03-22 17:50:58,443 - INFO - 
2025-03-22 17:50:58,443 - INFO - Traceback (most recent call last):
2025-03-22 17:50:58,443 - INFO -   File "C:\Users\zhong\Desktop\这代码你就写吧，一写一个不吱声\KouriChat-KouriChat-Dev\Kourichat工具箱\main.py", line 43, in <module>
2025-03-22 17:50:58,443 - INFO -     app = KouriChatApp()
2025-03-22 17:50:58,443 - INFO -           ^^^^^^^^^^^^^^
2025-03-22 17:50:58,443 - INFO -   File "C:\Users\zhong\Desktop\这代码你就写吧，一写一个不吱声\KouriChat-KouriChat-Dev\Kourichat工具箱\core\app.py", line 48, in __init__
2025-03-22 17:50:58,443 - INFO -     self.image_page = ImagePage(self)
2025-03-22 17:50:58,443 - INFO -                       ^^^^^^^^^^^^^^^
2025-03-22 17:50:58,443 - INFO -   File "C:\Users\zhong\Desktop\这代码你就写吧，一写一个不吱声\KouriChat-KouriChat-Dev\Kourichat工具箱\ui\pages\image_page.py", line 23, in __init__
2025-03-22 17:50:58,443 - INFO -     self.setup_image_page()
2025-03-22 17:50:58,443 - INFO -   File "C:\Users\zhong\Desktop\这代码你就写吧，一写一个不吱声\KouriChat-KouriChat-Dev\Kourichat工具箱\ui\pages\image_page.py", line 89, in setup_image_page
2025-03-22 17:50:58,443 - INFO -     self.setup_recognition_tab(self.recognition_tab)
2025-03-22 17:50:58,443 - INFO -   File "C:\Users\zhong\Desktop\这代码你就写吧，一写一个不吱声\KouriChat-KouriChat-Dev\Kourichat工具箱\ui\pages\image_page.py", line 132, in setup_recognition_tab
2025-03-22 17:50:58,443 - INFO -     self.setup_recognition_result_area(result_frame)
2025-03-22 17:50:58,443 - INFO -   File "C:\Users\zhong\Desktop\这代码你就写吧，一写一个不吱声\KouriChat-KouriChat-Dev\Kourichat工具箱\ui\pages\image_page.py", line 263, in setup_recognition_result_area
2025-03-22 17:50:58,443 - INFO -     self.recognition_result_loading = LoadingAnimation(self.recognition_result_label, self.app)
2025-03-22 17:50:58,443 - INFO -                                       ^^^^^^^^^^^^^^^^
2025-03-22 17:50:58,443 - INFO - NameError: name 'LoadingAnimation' is not defined
