2025-03-22 18:41:38,246 - KouriChat - INFO - 添加当前目录到系统路径
2025-03-22 18:41:38,246 - KouriChat - INFO - 初始化CustomTkinter设置完成
2025-03-22 18:41:38,246 - KouriChat - INFO - 开始导入KouriChatApp类
2025-03-22 18:41:38,352 - KouriChat - INFO - 成功导入KouriChatApp类
2025-03-22 18:41:38,352 - KouriChat - INFO - 程序启动
2025-03-22 18:41:38,352 - KouriChat - INFO - 创建KouriChatApp实例
2025-03-22 18:41:38,830 - root - INFO - 开始侧边栏宽度动画，当前宽度: 220, 目标宽度: 280
2025-03-22 18:41:38,836 - root - INFO - 侧边栏扩展动画步骤 1/10, 宽度: 226.0
2025-03-22 18:41:38,837 - KouriChat - INFO - 开始主循环
2025-03-22 18:41:38,875 - root - INFO - 侧边栏扩展动画步骤 2/10, 宽度: 232.0
2025-03-22 18:41:38,914 - root - INFO - 侧边栏扩展动画步骤 3/10, 宽度: 238.0
2025-03-22 18:41:38,943 - root - INFO - 侧边栏扩展动画步骤 4/10, 宽度: 244.0
2025-03-22 18:41:38,982 - root - INFO - 侧边栏扩展动画步骤 5/10, 宽度: 250.0
2025-03-22 18:41:39,011 - root - INFO - 侧边栏扩展动画步骤 6/10, 宽度: 256.0
2025-03-22 18:41:39,040 - root - INFO - 侧边栏扩展动画步骤 7/10, 宽度: 262.0
2025-03-22 18:41:39,071 - root - INFO - 侧边栏扩展动画步骤 8/10, 宽度: 268.0
2025-03-22 18:41:39,099 - root - INFO - 侧边栏扩展动画步骤 9/10, 宽度: 274.0
2025-03-22 18:41:39,128 - root - INFO - 侧边栏扩展动画步骤 10/10, 宽度: 280.0
2025-03-22 18:41:39,148 - root - INFO - 侧边栏扩展动画完成，准备开始收缩动画
2025-03-22 18:41:39,216 - root - INFO - 侧边栏收缩动画步骤 1/10, 宽度: 274.0
2025-03-22 18:41:39,246 - root - INFO - 侧边栏收缩动画步骤 2/10, 宽度: 268.0
2025-03-22 18:41:39,280 - root - INFO - 侧边栏收缩动画步骤 3/10, 宽度: 262.0
2025-03-22 18:41:39,312 - root - INFO - 侧边栏收缩动画步骤 4/10, 宽度: 256.0
2025-03-22 18:41:39,341 - root - INFO - 侧边栏收缩动画步骤 5/10, 宽度: 250.0
2025-03-22 18:41:39,371 - root - INFO - 侧边栏收缩动画步骤 6/10, 宽度: 244.0
2025-03-22 18:41:39,399 - root - INFO - 侧边栏收缩动画步骤 7/10, 宽度: 238.0
2025-03-22 18:41:39,428 - root - INFO - 侧边栏收缩动画步骤 8/10, 宽度: 232.0
2025-03-22 18:41:39,459 - root - INFO - 侧边栏收缩动画步骤 9/10, 宽度: 226.0
2025-03-22 18:41:39,489 - root - INFO - 侧边栏收缩动画步骤 10/10, 宽度: 220.0
2025-03-22 18:41:39,510 - root - INFO - 侧边栏收缩动画完成，切换到目标页面
2025-03-22 18:41:40,786 - root - INFO - 开始侧边栏宽度动画，当前宽度: 220.0, 目标宽度: 280
2025-03-22 18:41:40,794 - root - INFO - 侧边栏扩展动画步骤 1/10, 宽度: 226.0
2025-03-22 18:41:40,823 - root - INFO - 侧边栏扩展动画步骤 2/10, 宽度: 232.0
2025-03-22 18:41:40,850 - root - INFO - 侧边栏扩展动画步骤 3/10, 宽度: 238.0
2025-03-22 18:41:40,936 - root - INFO - 侧边栏扩展动画步骤 4/10, 宽度: 244.0
2025-03-22 18:41:40,970 - root - INFO - 侧边栏扩展动画步骤 5/10, 宽度: 250.0
2025-03-22 18:41:41,006 - root - INFO - 侧边栏扩展动画步骤 6/10, 宽度: 256.0
2025-03-22 18:41:41,107 - root - INFO - 侧边栏扩展动画步骤 7/10, 宽度: 262.0
2025-03-22 18:41:41,139 - root - INFO - 侧边栏扩展动画步骤 8/10, 宽度: 268.0
2025-03-22 18:41:41,169 - root - INFO - 侧边栏扩展动画步骤 9/10, 宽度: 274.0
2025-03-22 18:41:41,264 - root - INFO - 侧边栏扩展动画步骤 10/10, 宽度: 280.0
2025-03-22 18:41:41,290 - root - INFO - 侧边栏扩展动画完成，准备开始收缩动画
2025-03-22 18:41:41,348 - root - INFO - 侧边栏收缩动画步骤 1/10, 宽度: 274.0
2025-03-22 18:41:41,379 - root - INFO - 侧边栏收缩动画步骤 2/10, 宽度: 268.0
2025-03-22 18:41:41,411 - root - INFO - 侧边栏收缩动画步骤 3/10, 宽度: 262.0
2025-03-22 18:41:41,505 - root - INFO - 侧边栏收缩动画步骤 4/10, 宽度: 256.0
2025-03-22 18:41:41,538 - root - INFO - 侧边栏收缩动画步骤 5/10, 宽度: 250.0
2025-03-22 18:41:41,574 - root - INFO - 侧边栏收缩动画步骤 6/10, 宽度: 244.0
2025-03-22 18:41:41,676 - root - INFO - 侧边栏收缩动画步骤 7/10, 宽度: 238.0
2025-03-22 18:41:41,708 - root - INFO - 侧边栏收缩动画步骤 8/10, 宽度: 232.0
2025-03-22 18:41:41,741 - root - INFO - 侧边栏收缩动画步骤 9/10, 宽度: 226.0
2025-03-22 18:41:41,838 - root - INFO - 侧边栏收缩动画步骤 10/10, 宽度: 220.0
2025-03-22 18:41:41,863 - root - INFO - 侧边栏收缩动画完成，切换到目标页面
